2020.05.19 14:21:10 INFO  started: Metals version 0.9.0 in workspace 'E:\MyProjects\RaviWoodWorks'
2020.05.19 14:21:11 INFO  time: initialize in 0.44s
2020.05.19 14:21:12 WARN  no build tool detected in workspace 'E:\MyProjects\RaviWoodWorks'. The most common cause for this problem is that the editor was opened in the wrong working directory, for example if you use sbt then the workspace directory should contain build.sbt. 
2020.05.19 14:25:49 INFO  no build target: using presentation compiler with only scala-library
2020.05.19 14:25:55 WARN  no build target for: D:\#1 Year 2(1-Sem)2020\SCS2204(Functional Programming)\Workings\hello.scala
2020.05.19 14:25:55 WARN  no build target for: D:\#1 Year 2(1-Sem)2020\SCS2204(Functional Programming)\Workings\hello.scala
May 19, 2020 2:25:55 PM org.eclipse.lsp4j.jsonrpc.RemoteEndpoint handleCancellation
WARNING: Unmatched cancel notification for request id 3
May 19, 2020 2:25:55 PM org.eclipse.lsp4j.jsonrpc.RemoteEndpoint handleCancellation
WARNING: Unmatched cancel notification for request id 5
May 19, 2020 2:25:55 PM org.eclipse.lsp4j.jsonrpc.RemoteEndpoint handleCancellation
WARNING: Unmatched cancel notification for request id 1
May 19, 2020 2:25:55 PM org.eclipse.lsp4j.jsonrpc.RemoteEndpoint handleCancellation
WARNING: Unmatched cancel notification for request id 10
May 19, 2020 2:25:55 PM org.eclipse.lsp4j.jsonrpc.RemoteEndpoint handleCancellation
WARNING: Unmatched cancel notification for request id 9
May 19, 2020 2:25:55 PM org.eclipse.lsp4j.jsonrpc.RemoteEndpoint handleCancellation
WARNING: Unmatched cancel notification for request id 11
2020.05.19 14:26:03 WARN  no build target for: D:\#1 Year 2(1-Sem)2020\SCS2204(Functional Programming)\Workings\hello.scala
2020.05.19 14:26:16 WARN  no build tool detected in workspace 'E:\MyProjects\RaviWoodWorks'. The most common cause for this problem is that the editor was opened in the wrong working directory, for example if you use sbt then the workspace directory should contain build.sbt. 
2020.05.19 18:08:06 WARN  no build target for: D:\#1 Year 2(1-Sem)2020\SCS2204(Functional Programming)\Workings\hello.scala
2020.05.19 18:08:45 WARN  no build target for: D:\#1 Year 2(1-Sem)2020\SCS2204(Functional Programming)\Workings\hello.scala
2020.05.19 18:13:56 WARN  no build target for: D:\#1 Year 2(1-Sem)2020\SCS2204(Functional Programming)\Workings\hello.scala
2020.05.20 00:46:31 INFO  shutting down Metals
2020.05.27 11:22:36 INFO  started: Metals version 0.9.0 in workspace 'E:\MyProjects\RaviWoodWorks'
2020.05.27 11:22:36 INFO  time: initialize in 0.44s
2020.05.27 11:22:38 WARN  no build tool detected in workspace 'E:\MyProjects\RaviWoodWorks'. The most common cause for this problem is that the editor was opened in the wrong working directory, for example if you use sbt then the workspace directory should contain build.sbt. 
2020.05.27 11:22:38 INFO  no build target: using presentation compiler with only scala-library
2020.05.27 11:22:39 WARN  no build target for: D:\#1 Year 2(1-Sem)2020\SCS2204(Functional Programming)\Workings\hello.scala
2020.05.27 14:17:25 INFO  shutting down Metals
